<?xml version="1.0" encoding="UTF-8" ?>
<testsuite failures="0" time="0.012" errors="0" skipped="0" tests="1" name="ecrb.hib.AppTest">
  <properties>
    <property name="java.runtime.name" value="Java(TM) SE Runtime Environment"/>
    <property name="sun.boot.library.path" value="C:\Program Files\Java\jdk1.6.0_26\jre\bin"/>
    <property name="java.vm.version" value="20.1-b02"/>
    <property name="java.vm.vendor" value="Sun Microsystems Inc."/>
    <property name="java.vendor.url" value="http://java.sun.com/"/>
    <property name="path.separator" value=";"/>
    <property name="java.vm.name" value="Java HotSpot(TM) Client VM"/>
    <property name="file.encoding.pkg" value="sun.io"/>
    <property name="user.country" value="RU"/>
    <property name="sun.java.launcher" value="SUN_STANDARD"/>
    <property name="sun.os.patch.level" value="Service Pack 1"/>
    <property name="java.vm.specification.name" value="Java Virtual Machine Specification"/>
    <property name="user.dir" value="D:\Private\dev\java\hib"/>
    <property name="java.runtime.version" value="1.6.0_26-b03"/>
    <property name="java.awt.graphicsenv" value="sun.awt.Win32GraphicsEnvironment"/>
    <property name="basedir" value="D:\Private\dev\java\hib"/>
    <property name="java.endorsed.dirs" value="C:\Program Files\Java\jdk1.6.0_26\jre\lib\endorsed"/>
    <property name="os.arch" value="x86"/>
    <property name="surefire.real.class.path" value="D:\Private\dev\java\hib\target\surefire\surefirebooter6875495897821834606.jar"/>
    <property name="java.io.tmpdir" value="C:\TEMP\"/>
    <property name="line.separator" value="
"/>
    <property name="java.vm.specification.vendor" value="Sun Microsystems Inc."/>
    <property name="user.variant" value=""/>
    <property name="os.name" value="Windows 7"/>
    <property name="sun.jnu.encoding" value="Cp1251"/>
    <property name="java.library.path" value="C:\Program Files\Java\jdk1.6.0_26\jre\bin;C:\Windows\Sun\Java\bin;C:\Windows\system32;C:\Windows;c:/Program Files/Java/jdk1.6.0_26/bin/../jre/bin/client;c:/Program Files/Java/jdk1.6.0_26/bin/../jre/bin;c:/Program Files/Java/jdk1.6.0_26/bin/../jre/lib/i386;C:\Ruby192\bin;C:\Program Files\MiKTeX 2.9\miktex\bin;C:\Windows\system32;C:\Windows;C:\Windows\System32\Wbem;C:\Windows\System32\WindowsPowerShell\v1.0\;C:\Program Files\ATI Technologies\ATI.ACE\Core-Static;C:\D\dmd2\windows\bin;C:/Go/bin;c:\Program Files\Java\jdk1.6.0_26\bin\;C:\Program Files\Microsoft SQL Server\90\Tools\binn\;c:\dwt\dsss\bin;c:\dwt\tango\bin\;c:\Program Files\apache-maven-3.0.3\bin;C:\Program Files\FreeArc\bin;c:\devtools\eclipse;;."/>
    <property name="surefire.test.class.path" value="D:\Private\dev\java\hib\target\test-classes;D:\Private\dev\java\hib\target\classes;D:\.m2\repository\junit\junit\3.8.1\junit-3.8.1.jar;D:\.m2\repository\mysql\mysql-connector-java\5.1.18\mysql-connector-java-5.1.18.jar;D:\.m2\repository\javassist\javassist\3.12.1.GA\javassist-3.12.1.GA.jar;D:\.m2\repository\org\hibernate\hibernate-core\3.6.8.Final\hibernate-core-3.6.8.Final.jar;D:\.m2\repository\antlr\antlr\2.7.6\antlr-2.7.6.jar;D:\.m2\repository\commons-collections\commons-collections\3.1\commons-collections-3.1.jar;D:\.m2\repository\dom4j\dom4j\1.6.1\dom4j-1.6.1.jar;D:\.m2\repository\org\hibernate\hibernate-commons-annotations\3.2.0.Final\hibernate-commons-annotations-3.2.0.Final.jar;D:\.m2\repository\org\hibernate\javax\persistence\hibernate-jpa-2.0-api\1.0.1.Final\hibernate-jpa-2.0-api-1.0.1.Final.jar;D:\.m2\repository\javax\transaction\jta\1.1\jta-1.1.jar;D:\.m2\repository\org\slf4j\slf4j-api\1.6.1\slf4j-api-1.6.1.jar;"/>
    <property name="java.specification.name" value="Java Platform API Specification"/>
    <property name="java.class.version" value="50.0"/>
    <property name="sun.management.compiler" value="HotSpot Client Compiler"/>
    <property name="os.version" value="6.1"/>
    <property name="user.home" value="D:"/>
    <property name="user.timezone" value=""/>
    <property name="java.awt.printerjob" value="sun.awt.windows.WPrinterJob"/>
    <property name="java.specification.version" value="1.6"/>
    <property name="file.encoding" value="Cp1251"/>
    <property name="user.name" value="Necros"/>
    <property name="java.class.path" value="D:\Private\dev\java\hib\target\test-classes;D:\Private\dev\java\hib\target\classes;D:\.m2\repository\junit\junit\3.8.1\junit-3.8.1.jar;D:\.m2\repository\mysql\mysql-connector-java\5.1.18\mysql-connector-java-5.1.18.jar;D:\.m2\repository\javassist\javassist\3.12.1.GA\javassist-3.12.1.GA.jar;D:\.m2\repository\org\hibernate\hibernate-core\3.6.8.Final\hibernate-core-3.6.8.Final.jar;D:\.m2\repository\antlr\antlr\2.7.6\antlr-2.7.6.jar;D:\.m2\repository\commons-collections\commons-collections\3.1\commons-collections-3.1.jar;D:\.m2\repository\dom4j\dom4j\1.6.1\dom4j-1.6.1.jar;D:\.m2\repository\org\hibernate\hibernate-commons-annotations\3.2.0.Final\hibernate-commons-annotations-3.2.0.Final.jar;D:\.m2\repository\org\hibernate\javax\persistence\hibernate-jpa-2.0-api\1.0.1.Final\hibernate-jpa-2.0-api-1.0.1.Final.jar;D:\.m2\repository\javax\transaction\jta\1.1\jta-1.1.jar;D:\.m2\repository\org\slf4j\slf4j-api\1.6.1\slf4j-api-1.6.1.jar;"/>
    <property name="java.vm.specification.version" value="1.0"/>
    <property name="sun.arch.data.model" value="32"/>
    <property name="java.home" value="C:\Program Files\Java\jdk1.6.0_26\jre"/>
    <property name="sun.java.command" value="D:\Private\dev\java\hib\target\surefire\surefirebooter6875495897821834606.jar D:\Private\dev\java\hib\target\surefire\surefire1495014239954954056tmp D:\Private\dev\java\hib\target\surefire\surefire8598108429937656078tmp"/>
    <property name="java.specification.vendor" value="Sun Microsystems Inc."/>
    <property name="user.language" value="ru"/>
    <property name="awt.toolkit" value="sun.awt.windows.WToolkit"/>
    <property name="java.vm.info" value="mixed mode, sharing"/>
    <property name="java.version" value="1.6.0_26"/>
    <property name="java.ext.dirs" value="C:\Program Files\Java\jdk1.6.0_26\jre\lib\ext;C:\Windows\Sun\Java\lib\ext"/>
    <property name="sun.boot.class.path" value="C:\Program Files\Java\jdk1.6.0_26\jre\lib\resources.jar;C:\Program Files\Java\jdk1.6.0_26\jre\lib\rt.jar;C:\Program Files\Java\jdk1.6.0_26\jre\lib\sunrsasign.jar;C:\Program Files\Java\jdk1.6.0_26\jre\lib\jsse.jar;C:\Program Files\Java\jdk1.6.0_26\jre\lib\jce.jar;C:\Program Files\Java\jdk1.6.0_26\jre\lib\charsets.jar;C:\Program Files\Java\jdk1.6.0_26\jre\lib\modules\jdk.boot.jar;C:\Program Files\Java\jdk1.6.0_26\jre\classes"/>
    <property name="java.vendor" value="Sun Microsystems Inc."/>
    <property name="localRepository" value="D:\.m2\repository"/>
    <property name="file.separator" value="\"/>
    <property name="java.vendor.url.bug" value="http://java.sun.com/cgi-bin/bugreport.cgi"/>
    <property name="sun.cpu.endian" value="little"/>
    <property name="sun.io.unicode.encoding" value="UnicodeLittle"/>
    <property name="sun.desktop" value="windows"/>
    <property name="sun.cpu.isalist" value=""/>
  </properties>
  <testcase time="0.001" classname="ecrb.hib.AppTest" name="testApp"/>
</testsuite>